[0.408s] Invoking command in '/home/me597/lab1_ws/src/task_1': PYTHONPATH=/home/me597/lab1_ws/build/task_1/prefix_override:/usr/lib/python3/dist-packages/colcon_core/task/python/colcon_distutils_commands:/home/me597/lab1_ws/install/task_1/lib/python3.10/site-packages:${PYTHONPATH} /usr/bin/python3 -W ignore:setup.py install is deprecated setup.py egg_info --egg-base ../../build/task_1 build --build-base /home/me597/lab1_ws/build/task_1/build install --record /home/me597/lab1_ws/build/task_1/install.log --single-version-externally-managed install_data
[0.560s] running egg_info
[0.561s] creating ../../build/task_1/task_1.egg-info
[0.561s] writing ../../build/task_1/task_1.egg-info/PKG-INFO
[0.561s] writing dependency_links to ../../build/task_1/task_1.egg-info/dependency_links.txt
[0.561s] writing entry points to ../../build/task_1/task_1.egg-info/entry_points.txt
[0.562s] writing requirements to ../../build/task_1/task_1.egg-info/requires.txt
[0.564s] writing top-level names to ../../build/task_1/task_1.egg-info/top_level.txt
[0.564s] writing manifest file '../../build/task_1/task_1.egg-info/SOURCES.txt'
[0.564s] reading manifest file '../../build/task_1/task_1.egg-info/SOURCES.txt'
[0.564s] adding license file 'LICENSE'
[0.564s] writing manifest file '../../build/task_1/task_1.egg-info/SOURCES.txt'
[0.564s] running build
[0.564s] running build_py
[0.564s] creating /home/me597/lab1_ws/build/task_1/build
[0.564s] creating /home/me597/lab1_ws/build/task_1/build/lib
[0.564s] creating /home/me597/lab1_ws/build/task_1/build/lib/task_1
[0.564s] copying task_1/__init__.py -> /home/me597/lab1_ws/build/task_1/build/lib/task_1
[0.564s] copying task_1/my_node.py -> /home/me597/lab1_ws/build/task_1/build/lib/task_1
[0.564s] running install
[0.565s] running install_lib
[0.565s] creating /home/me597/lab1_ws/install/task_1/lib/python3.10/site-packages/task_1
[0.565s] copying /home/me597/lab1_ws/build/task_1/build/lib/task_1/__init__.py -> /home/me597/lab1_ws/install/task_1/lib/python3.10/site-packages/task_1
[0.565s] copying /home/me597/lab1_ws/build/task_1/build/lib/task_1/my_node.py -> /home/me597/lab1_ws/install/task_1/lib/python3.10/site-packages/task_1
[0.566s] byte-compiling /home/me597/lab1_ws/install/task_1/lib/python3.10/site-packages/task_1/__init__.py to __init__.cpython-310.pyc
[0.566s] byte-compiling /home/me597/lab1_ws/install/task_1/lib/python3.10/site-packages/task_1/my_node.py to my_node.cpython-310.pyc
[0.566s] running install_data
[0.566s] creating /home/me597/lab1_ws/install/task_1/share/ament_index
[0.566s] creating /home/me597/lab1_ws/install/task_1/share/ament_index/resource_index
[0.567s] creating /home/me597/lab1_ws/install/task_1/share/ament_index/resource_index/packages
[0.567s] copying resource/task_1 -> /home/me597/lab1_ws/install/task_1/share/ament_index/resource_index/packages
[0.567s] copying package.xml -> /home/me597/lab1_ws/install/task_1/share/task_1
[0.568s] running install_egg_info
[0.568s] Copying ../../build/task_1/task_1.egg-info to /home/me597/lab1_ws/install/task_1/lib/python3.10/site-packages/task_1-0.0.0-py3.10.egg-info
[0.569s] running install_scripts
[0.587s] Installing my_node script to /home/me597/lab1_ws/install/task_1/lib/task_1
[0.587s] writing list of installed files to '/home/me597/lab1_ws/build/task_1/install.log'
[0.602s] Invoked command in '/home/me597/lab1_ws/src/task_1' returned '0': PYTHONPATH=/home/me597/lab1_ws/build/task_1/prefix_override:/usr/lib/python3/dist-packages/colcon_core/task/python/colcon_distutils_commands:/home/me597/lab1_ws/install/task_1/lib/python3.10/site-packages:${PYTHONPATH} /usr/bin/python3 -W ignore:setup.py install is deprecated setup.py egg_info --egg-base ../../build/task_1 build --build-base /home/me597/lab1_ws/build/task_1/build install --record /home/me597/lab1_ws/build/task_1/install.log --single-version-externally-managed install_data
