[0.391s] Invoking command in '/home/me597/lab1_ws/src/task_1': PYTHONPATH=/home/me597/lab1_ws/src/task_1/build/task_1/prefix_override:/usr/lib/python3/dist-packages/colcon_core/task/python/colcon_distutils_commands:/home/me597/lab1_ws/src/task_1/install/task_1/lib/python3.10/site-packages:${PYTHONPATH} /usr/bin/python3 -W ignore:setup.py install is deprecated setup.py egg_info --egg-base build/task_1 build --build-base /home/me597/lab1_ws/src/task_1/build/task_1/build install --record /home/me597/lab1_ws/src/task_1/build/task_1/install.log --single-version-externally-managed install_data
[0.593s] running egg_info
[0.593s] creating build/task_1/task_1.egg-info
[0.593s] writing build/task_1/task_1.egg-info/PKG-INFO
[0.594s] writing dependency_links to build/task_1/task_1.egg-info/dependency_links.txt
[0.594s] writing entry points to build/task_1/task_1.egg-info/entry_points.txt
[0.594s] writing requirements to build/task_1/task_1.egg-info/requires.txt
[0.594s] writing top-level names to build/task_1/task_1.egg-info/top_level.txt
[0.594s] writing manifest file 'build/task_1/task_1.egg-info/SOURCES.txt'
[0.595s] reading manifest file 'build/task_1/task_1.egg-info/SOURCES.txt'
[0.595s] adding license file 'LICENSE'
[0.595s] writing manifest file 'build/task_1/task_1.egg-info/SOURCES.txt'
[0.595s] running build
[0.596s] running build_py
[0.596s] creating /home/me597/lab1_ws/src/task_1/build/task_1/build
[0.596s] creating /home/me597/lab1_ws/src/task_1/build/task_1/build/lib
[0.596s] creating /home/me597/lab1_ws/src/task_1/build/task_1/build/lib/task_1
[0.596s] copying task_1/publisher_member_function.py -> /home/me597/lab1_ws/src/task_1/build/task_1/build/lib/task_1
[0.596s] copying task_1/__init__.py -> /home/me597/lab1_ws/src/task_1/build/task_1/build/lib/task_1
[0.596s] copying task_1/my_node.py -> /home/me597/lab1_ws/src/task_1/build/task_1/build/lib/task_1
[0.596s] copying task_1/subscriber_member_function.py -> /home/me597/lab1_ws/src/task_1/build/task_1/build/lib/task_1
[0.596s] running install
[0.596s] running install_lib
[0.601s] creating /home/me597/lab1_ws/src/task_1/install/task_1/lib/python3.10/site-packages/task_1
[0.601s] copying /home/me597/lab1_ws/src/task_1/build/task_1/build/lib/task_1/publisher_member_function.py -> /home/me597/lab1_ws/src/task_1/install/task_1/lib/python3.10/site-packages/task_1
[0.602s] copying /home/me597/lab1_ws/src/task_1/build/task_1/build/lib/task_1/__init__.py -> /home/me597/lab1_ws/src/task_1/install/task_1/lib/python3.10/site-packages/task_1
[0.602s] copying /home/me597/lab1_ws/src/task_1/build/task_1/build/lib/task_1/my_node.py -> /home/me597/lab1_ws/src/task_1/install/task_1/lib/python3.10/site-packages/task_1
[0.602s] copying /home/me597/lab1_ws/src/task_1/build/task_1/build/lib/task_1/subscriber_member_function.py -> /home/me597/lab1_ws/src/task_1/install/task_1/lib/python3.10/site-packages/task_1
[0.602s] byte-compiling /home/me597/lab1_ws/src/task_1/install/task_1/lib/python3.10/site-packages/task_1/publisher_member_function.py to publisher_member_function.cpython-310.pyc
[0.602s] byte-compiling /home/me597/lab1_ws/src/task_1/install/task_1/lib/python3.10/site-packages/task_1/__init__.py to __init__.cpython-310.pyc
[0.603s] byte-compiling /home/me597/lab1_ws/src/task_1/install/task_1/lib/python3.10/site-packages/task_1/my_node.py to my_node.cpython-310.pyc
[0.603s] byte-compiling /home/me597/lab1_ws/src/task_1/install/task_1/lib/python3.10/site-packages/task_1/subscriber_member_function.py to subscriber_member_function.cpython-310.pyc
[0.603s] running install_data
[0.603s] creating /home/me597/lab1_ws/src/task_1/install/task_1/share/ament_index
[0.603s] creating /home/me597/lab1_ws/src/task_1/install/task_1/share/ament_index/resource_index
[0.603s] creating /home/me597/lab1_ws/src/task_1/install/task_1/share/ament_index/resource_index/packages
[0.603s] copying resource/task_1 -> /home/me597/lab1_ws/src/task_1/install/task_1/share/ament_index/resource_index/packages
[0.603s] copying package.xml -> /home/me597/lab1_ws/src/task_1/install/task_1/share/task_1
[0.603s] running install_egg_info
[0.605s] Copying build/task_1/task_1.egg-info to /home/me597/lab1_ws/src/task_1/install/task_1/lib/python3.10/site-packages/task_1-0.0.0-py3.10.egg-info
[0.605s] running install_scripts
[0.623s] Installing listener script to /home/me597/lab1_ws/src/task_1/install/task_1/lib/task_1
[0.623s] Installing talker script to /home/me597/lab1_ws/src/task_1/install/task_1/lib/task_1
[0.623s] writing list of installed files to '/home/me597/lab1_ws/src/task_1/build/task_1/install.log'
[0.638s] Invoked command in '/home/me597/lab1_ws/src/task_1' returned '0': PYTHONPATH=/home/me597/lab1_ws/src/task_1/build/task_1/prefix_override:/usr/lib/python3/dist-packages/colcon_core/task/python/colcon_distutils_commands:/home/me597/lab1_ws/src/task_1/install/task_1/lib/python3.10/site-packages:${PYTHONPATH} /usr/bin/python3 -W ignore:setup.py install is deprecated setup.py egg_info --egg-base build/task_1 build --build-base /home/me597/lab1_ws/src/task_1/build/task_1/build install --record /home/me597/lab1_ws/src/task_1/build/task_1/install.log --single-version-externally-managed install_data
